AppFactoryTest/temp/AppFactoryTest/build/luaandroid/dist/AppFactoryTest/build/outputs/logs/manifest-merger-debug-report.txt
-- Merging decision tree log ---
manifest
ADDED from dist/AppFactoryTest/AndroidManifest.xml:2:1-41:12
	package
		ADDED from dist/AppFactoryTest/AndroidManifest.xml:4:4-37
		INJECTED from dist/AppFactoryTest/AndroidManifest.xml
		INJECTED from dist/AppFactoryTest/AndroidManifest.xml
	android:versionName
		ADDED from dist/AppFactoryTest/AndroidManifest.xml:5:7-34
		INJECTED from dist/AppFactoryTest/AndroidManifest.xml
		INJECTED from dist/AppFactoryTest/AndroidManifest.xml
	xmlns:tools
		ADDED from dist/AppFactoryTest/AndroidManifest.xml:3:7-53
	android:versionCode
		ADDED from dist/AppFactoryTest/AndroidManifest.xml:5:35-58
		INJECTED from dist/AppFactoryTest/AndroidManifest.xml
		INJECTED from dist/AppFactoryTest/AndroidManifest.xml
	xmlns:android
		ADDED from dist/AppFactoryTest/AndroidManifest.xml:2:11-69
application
ADDED from dist/AppFactoryTest/AndroidManifest.xml:6:5-28:16
MERGED from [com.android.support:support-v4:24.1.1] AndroidManifest.xml:25:5-20
	android:label
		ADDED from dist/AppFactoryTest/AndroidManifest.xml:6:91-123
	android:icon
		ADDED from dist/AppFactoryTest/AndroidManifest.xml:6:124-153
	tools:replace
		ADDED from dist/AppFactoryTest/AndroidManifest.xml:6:18-38
	android:name
		ADDED from dist/AppFactoryTest/AndroidManifest.xml:6:39-90
activity#com.pfcu.AppFactoryTest.AppFactoryTest
ADDED from dist/AppFactoryTest/AndroidManifest.xml:7:9-18:12
	android:screenOrientation
		ADDED from dist/AppFactoryTest/AndroidManifest.xml:7:184-218
	android:label
		ADDED from dist/AppFactoryTest/AndroidManifest.xml:7:50-82
	android:launchMode
		ADDED from dist/AppFactoryTest/AndroidManifest.xml:7:83-114
	android:windowSoftInputMode
		ADDED from dist/AppFactoryTest/AndroidManifest.xml:7:219-261
	android:configChanges
		ADDED from dist/AppFactoryTest/AndroidManifest.xml:7:115-183
	android:name
		ADDED from dist/AppFactoryTest/AndroidManifest.xml:7:19-49
intent-filter#android.intent.action.MAIN+android.intent.category.LAUNCHER
ADDED from dist/AppFactoryTest/AndroidManifest.xml:8:13-11:29
action#android.intent.action.MAIN
ADDED from dist/AppFactoryTest/AndroidManifest.xml:9:17-69
	android:name
		ADDED from dist/AppFactoryTest/AndroidManifest.xml:9:25-66
category#android.intent.category.LAUNCHER
ADDED from dist/AppFactoryTest/AndroidManifest.xml:10:17-77
	android:name
		ADDED from dist/AppFactoryTest/AndroidManifest.xml:10:27-74
intent-filter#android.intent.action.SEARCH+android.intent.category.DEFAULT
ADDED from dist/AppFactoryTest/AndroidManifest.xml:14:14-181
action#android.intent.action.SEARCH
ADDED from dist/AppFactoryTest/AndroidManifest.xml:14:37-91
	android:name
		ADDED from dist/AppFactoryTest/AndroidManifest.xml:14:45-88
category#android.intent.category.DEFAULT
ADDED from dist/AppFactoryTest/AndroidManifest.xml:14:99-158
	android:name
		ADDED from dist/AppFactoryTest/AndroidManifest.xml:14:109-155
meta-data#android.app.searchable
ADDED from dist/AppFactoryTest/AndroidManifest.xml:15:14-114
	android:resource
		ADDED from dist/AppFactoryTest/AndroidManifest.xml:15:77-111
	android:name
		ADDED from dist/AppFactoryTest/AndroidManifest.xml:15:32-69
meta-data#android.app.default_searchable
ADDED from dist/AppFactoryTest/AndroidManifest.xml:22:3-98
	android:value
		ADDED from dist/AppFactoryTest/AndroidManifest.xml:22:70-95
	android:name
		ADDED from dist/AppFactoryTest/AndroidManifest.xml:22:14-59
provider#com.pfcu.AppFactoryTest.AppFactoryTestSearchSuggestionProvider
ADDED from dist/AppFactoryTest/AndroidManifest.xml:23:3-181
	android:authorities
		ADDED from dist/AppFactoryTest/AndroidManifest.xml:23:13-91
	android:name
		ADDED from dist/AppFactoryTest/AndroidManifest.xml:23:101-178
supports-screens
ADDED from dist/AppFactoryTest/AndroidManifest.xml:31:2-167
	android:largeScreens
		ADDED from dist/AppFactoryTest/AndroidManifest.xml:31:106-134
	android:smallScreens
		ADDED from dist/AppFactoryTest/AndroidManifest.xml:31:47-75
	android:normalScreens
		ADDED from dist/AppFactoryTest/AndroidManifest.xml:31:76-105
	android:xlargeScreens
		ADDED from dist/AppFactoryTest/AndroidManifest.xml:31:135-164
	android:anyDensity
		ADDED from dist/AppFactoryTest/AndroidManifest.xml:31:20-46
uses-sdk
ADDED from dist/AppFactoryTest/AndroidManifest.xml:32:2-72
MERGED from [com.android.support:multidex:1.0.1] AndroidManifest.xml:18:5-42
MERGED from [com.android.support:recyclerview-v7:23.3.0] AndroidManifest.xml:20:5-43
MERGED from [com.android.support:support-v4:24.1.1] AndroidManifest.xml:21:5-23:54
	tools:overrideLibrary
		ADDED from [com.android.support:support-v4:24.1.1] AndroidManifest.xml:23:9-51
	android:targetSdkVersion
		ADDED from dist/AppFactoryTest/AndroidManifest.xml:32:13-42
	android:minSdkVersion
		ADDED from dist/AppFactoryTest/AndroidManifest.xml:32:43-70
uses-permission#android.permission.READ_PHONE_STATE
ADDED from dist/AppFactoryTest/AndroidManifest.xml:33:3-72
	android:name
		ADDED from dist/AppFactoryTest/AndroidManifest.xml:33:20-70
uses-permission#android.permission.ACCESS_NETWORK_STATE
ADDED from dist/AppFactoryTest/AndroidManifest.xml:34:2-75
	android:name
		ADDED from dist/AppFactoryTest/AndroidManifest.xml:34:19-73
uses-permission#android.permission.INTERNET
ADDED from dist/AppFactoryTest/AndroidManifest.xml:35:2-63
	android:name
		ADDED from dist/AppFactoryTest/AndroidManifest.xml:35:19-61